This is pdfTeX, Version 3.1415926-1.40.10 (MiKTeX 2.8) (preloaded format=pdflatex 2010.9.22)  6 JUN 2011 14:28
entering extended mode
**C:/Documents*and*Settings/Xian*Qiu/My*Documents/My*Dropbox/talk/pic2.tex
("C:/Documents and Settings/Xian Qiu/My Documents/My Dropbox/talk/pic2.tex"
LaTeX2e <2009/09/24>
Babel <v3.8l> and hyphenation patterns for english, dumylang, nohyphenation, ge
rman, ngerman, german-x-2009-06-19, ngerman-x-2009-06-19, french, loaded.

! LaTeX Error: Environment tikzpicture undefined.

See the LaTeX manual or LaTeX Companion for explanation.
Type  H <return>  for immediate help.
 ...                                              
                                                  
l.1 \begin{tikzpicture}
                       [scale = 0.75]
? 
! Emergency stop.
 ...                                              
                                                  
l.1 \begin{tikzpicture}
                       [scale = 0.75]
Your command was ignored.
Type  I <command> <return>  to replace it with another command,
or  <return>  to continue without it.

 
Here is how much of TeX's memory you used:
 9 strings out of 495285
 417 string characters out of 3180331
 45037 words of memory out of 3000000
 3307 multiletter control sequences out of 15000+200000
 3640 words of font info for 14 fonts, out of 3000000 for 9000
 14 hyphenation exceptions out of 8191
 5i,0n,4p,120b,16s stack positions out of 5000i,500n,10000p,200000b,50000s
!  ==> Fatal error occurred, no output PDF file produced!
